<?xml version="1.0" encoding="UTF-8"?>
<testsuite xmlns:xsi="http://www.w3.org/2001/XMLSchema-instance" xsi:noNamespaceSchemaLocation="https://maven.apache.org/surefire/maven-surefire-plugin/xsd/surefire-test-report-3.0.xsd" version="3.0" name="runners.TestRunner" time="15.252" tests="10" errors="0" skipped="0" failures="0">
  <properties>
[...]
</properties>
  <testcase name="&quot;Login válido com credenciais corretas&quot;" classname="Tela de login" time="1.958"/>
  <testcase name="&quot;Login invalido com username correto e password errado&quot;" classname="Tela de login" time="1.47"/>
  <testcase name="&quot;Login invalido com username errado e password correto&quot;" classname="Tela de login" time="1.385"/>
  <testcase name="&quot;Login invalido com username correto e password vazio&quot;" classname="Tela de login" time="1.328"/>
  <testcase name="&quot;Login invalido com username vazio e password correto&quot;" classname="Tela de login" time="1.578"/>
  <testcase name="&quot;Login invalido com username vazio e password vazio&quot;" classname="Tela de login" time="1.385"/>
  <testcase name="&quot;Login invalido com username espaço em branco e password correto&quot;" classname="Tela de login" time="1.493"/>
  <testcase name="&quot;Login invalido com username correto e password espaço em branco&quot;" classname="Tela de login" time="1.47"/>
  <testcase name="&quot;Login invalido com username espaço em branco e password espaço em branco&quot;" classname="Tela de login" time="1.413"/>
  <testcase name="&quot;Login invalido com username caracteres especiais e password correto&quot;" classname="Tela de login" time="1.513"/>
</testsuite>